[technext.github.io/massively/index.html]
[backblue.gif]
[fade.gif]
[index.html]
[technext.github.io/massively/assets/css/main.css]
[technext.github.io/massively/assets/css/noscript.css]
[technext.github.io/massively/index-2.html]
[technext.github.io/massively/generic.html]
[technext.github.io/massively/elements.html]
[technext.github.io/massively/images/pic01.jpg]
[technext.github.io/massively/images/pic02.jpg]
[technext.github.io/massively/images/pic03.jpg]
[technext.github.io/massively/images/pic04.jpg]
[technext.github.io/massively/images/pic05.jpg]
[technext.github.io/massively/images/pic06.jpg]
[technext.github.io/massively/images/pic07.jpg]
[technext.github.io/massively/assets/js/jquery.min.js]
[technext.github.io/massively/assets/js/jquery.scrollex.min.js]
[technext.github.io/massively/assets/js/jquery.scrolly.min.js]
[technext.github.io/massively/assets/js/skel.min.js]
[technext.github.io/massively/assets/js/util.js]
[technext.github.io/massively/index.html]
[technext.github.io/massively/assets/js/main.js]
[technext.github.io/massively/assets/css/font-awesome.min.css]
[technext.github.io/massively/images/overlay.png]
[technext.github.io/massively/images/bg.jpg]
[technext.github.io/massively/assets/css/main.css]
[technext.github.io/massively/assets/css/noscript.css]
[technext.github.io/massively/index-2.html]
[technext.github.io/massively/generic.html]
[technext.github.io/massively/images/pic08.jpg]
[technext.github.io/massively/images/pic09.jpg]
[technext.github.io/massively/elements.html]
[technext.github.io/massively/assets/fonts/fontawesome-webfontd41d.eot]
[technext.github.io/massively/assets/fonts/fontawesome-webfont5b62.eot]
[technext.github.io/massively/assets/fonts/fontawesome-webfont5b62.woff2]
[technext.github.io/massively/assets/fonts/fontawesome-webfont5b62.woff]
[technext.github.io/massively/assets/css/font-awesome.min.css]
[technext.github.io/massively/assets/fonts/fontawesome-webfont5b62.ttf]
[technext.github.io/massively/assets/fonts/fontawesome-webfont5b62.svg]
[technext.github.io/massively/assets/fonts/fontawesome-webfont5b62.svg]
